#-----------------------------------------------------------
# Webtalk v2019.1 (64-bit)
# SW Build 2552052 on Fri May 24 14:49:42 MDT 2019
# 
# Start of session at: Wed Jan  3 16:38:33 2024
# Process ID: 3632
# Current directory: C:/Users/lenovo/Desktop/HCD/PS_9201080N0118_9201080N0139/PS_9201080N0118_9201080N0139.sdk/webtalk
# Command line: wbtcv.exe -mode batch -source sdk_webtalk.tcl
# Log file: C:/Users/lenovo/Desktop/HCD/PS_9201080N0118_9201080N0139/PS_9201080N0118_9201080N0139.sdk/webtalk/webtalk.log
# Journal file: C:/Users/lenovo/Desktop/HCD/PS_9201080N0118_9201080N0139/PS_9201080N0118_9201080N0139.sdk/webtalk\webtalk.jou
#-----------------------------------------------------------
source sdk_webtalk.tcl
# webtalk_init -webtalk_dir C:\\Users\\lenovo\\Desktop\\HCD\\PS_9201080N0118_9201080N0139\\PS_9201080N0118_9201080N0139.sdk\\webtalk
# webtalk_register_client -client project
# webtalk_add_data -client project -key date_generated -value "2024-01-03 16:38:32" -context "software_version_and_target_device"
# webtalk_add_data -client project -key product_version -value "SDK v2019.1" -context "software_version_and_target_device"
# webtalk_add_data -client project -key build_version -value "2019.1" -context "software_version_and_target_device"
# webtalk_add_data -client project -key os_platform -value "amd64" -context "software_version_and_target_device"
# webtalk_add_data -client project -key registration_id -value "" -context "software_version_and_target_device"
# webtalk_add_data -client project -key tool_flow -value "SDK" -context "software_version_and_target_device"
# webtalk_add_data -client project -key beta -value "false" -context "software_version_and_target_device"
# webtalk_add_data -client project -key route_design -value "NA" -context "software_version_and_target_device"
# webtalk_add_data -client project -key target_family -value "NA" -context "software_version_and_target_device"
# webtalk_add_data -client project -key target_device -value "NA" -context "software_version_and_target_device"
# webtalk_add_data -client project -key target_package -value "NA" -context "software_version_and_target_device"
# webtalk_add_data -client project -key target_speed -value "NA" -context "software_version_and_target_device"
# webtalk_add_data -client project -key random_id -value "jou7mmnjom0al4h035kpq1cdmm" -context "software_version_and_target_device"
# webtalk_add_data -client project -key project_id -value "2019.1_3" -context "software_version_and_target_device"
# webtalk_add_data -client project -key project_iteration -value "3" -context "software_version_and_target_device"
# webtalk_add_data -client project -key os_name -value "Microsoft Windows 7 , 64-bit" -context "user_environment"
# webtalk_add_data -client project -key os_release -value "Service Pack 1  (build 7601)" -context "user_environment"
# webtalk_add_data -client project -key cpu_name -value "Intel(R) Core(TM) i5-6500 CPU @ 3.20GHz" -context "user_environment"
# webtalk_add_data -client project -key cpu_speed -value "3192 MHz" -context "user_environment"
# webtalk_add_data -client project -key total_processors -value "1" -context "user_environment"
# webtalk_add_data -client project -key system_ram -value "8.493 GB" -context "user_environment"
# webtalk_register_client -client sdk
# webtalk_add_data -client sdk -key uid -value "1704265434623" -context "sdk\\\\hardware/1704265434623"
# webtalk_add_data -client sdk -key isZynq -value "true" -context "sdk\\\\hardware/1704265434623"
# webtalk_add_data -client sdk -key isZynqMP -value "false" -context "sdk\\\\hardware/1704265434623"
# webtalk_add_data -client sdk -key Processors -value "2" -context "sdk\\\\hardware/1704265434623"
# webtalk_add_data -client sdk -key VivadoVersion -value "2019.1" -context "sdk\\\\hardware/1704265434623"
# webtalk_add_data -client sdk -key Arch -value "zynq" -context "sdk\\\\hardware/1704265434623"
# webtalk_add_data -client sdk -key Device -value "7z020" -context "sdk\\\\hardware/1704265434623"
# webtalk_add_data -client sdk -key IsHandoff -value "true" -context "sdk\\\\hardware/1704265434623"
# webtalk_add_data -client sdk -key os -value "NA" -context "sdk\\\\hardware/1704265434623"
# webtalk_add_data -client sdk -key apptemplate -value "NA" -context "sdk\\\\hardware/1704265434623"
# webtalk_add_data -client sdk -key RecordType -value "HWCreation" -context "sdk\\\\hardware/1704265434623"
# webtalk_add_data -client sdk -key uid -value "1704265471893" -context "sdk\\\\bsp/1704265471893"
# webtalk_add_data -client sdk -key hwid -value "1704265434623" -context "sdk\\\\bsp/1704265471893"
# webtalk_add_data -client sdk -key os -value "standalone" -context "sdk\\\\bsp/1704265471893"
# webtalk_add_data -client sdk -key apptemplate -value "null" -context "sdk\\\\bsp/1704265471893"
# webtalk_add_data -client sdk -key RecordType -value "BSPCreation" -context "sdk\\\\bsp/1704265471893"
# webtalk_add_data -client sdk -key uid -value "1704265530262" -context "sdk\\\\application/1704265530262"
# webtalk_add_data -client sdk -key hwid -value "1704265434623" -context "sdk\\\\application/1704265530262"
# webtalk_add_data -client sdk -key bspid -value "1704265471893" -context "sdk\\\\application/1704265530262"
# webtalk_add_data -client sdk -key newbsp -value "false" -context "sdk\\\\application/1704265530262"
# webtalk_add_data -client sdk -key os -value "standalone" -context "sdk\\\\application/1704265530262"
# webtalk_add_data -client sdk -key apptemplate -value "hello_world" -context "sdk\\\\application/1704265530262"
# webtalk_add_data -client sdk -key RecordType -value "APPCreation" -context "sdk\\\\application/1704265530262"
# webtalk_add_data -client sdk -key LangUsed -value "C" -context "sdk\\\\application/1704265530262"
# webtalk_add_data -client sdk -key Procused -value "ps7_cortexa9" -context "sdk\\\\application/1704265530262"
# webtalk_add_data -client sdk -key projSize -value "180.6640625" -context "sdk\\\\application/1704265530262"
# webtalk_add_data -client sdk -key uid -value "NA" -context "sdk\\\\bsp/1704271111835"
# webtalk_add_data -client sdk -key RecordType -value "ToolUsage" -context "sdk\\\\bsp/1704271111835"
# webtalk_add_data -client sdk -key BootgenCount -value "0" -context "sdk\\\\bsp/1704271111835"
# webtalk_add_data -client sdk -key DebugCount -value "12" -context "sdk\\\\bsp/1704271111835"
# webtalk_add_data -client sdk -key PerfCount -value "0" -context "sdk\\\\bsp/1704271111835"
# webtalk_add_data -client sdk -key FlashCount -value "0" -context "sdk\\\\bsp/1704271111835"
# webtalk_add_data -client sdk -key CrossTriggCount -value "0" -context "sdk\\\\bsp/1704271111835"
# webtalk_add_data -client sdk -key QemuDebugCount -value "0" -context "sdk\\\\bsp/1704271111835"
# webtalk_transmit -clientid 3052706705 -regid "" -xml C:\\Users\\lenovo\\Desktop\\HCD\\PS_9201080N0118_9201080N0139\\PS_9201080N0118_9201080N0139.sdk\\webtalk\\usage_statistics_ext_sdk.xml -html C:\\Users\\lenovo\\Desktop\\HCD\\PS_9201080N0118_9201080N0139\\PS_9201080N0118_9201080N0139.sdk\\webtalk\\usage_statistics_ext_sdk.html -wdm C:\\Users\\lenovo\\Desktop\\HCD\\PS_9201080N0118_9201080N0139\\PS_9201080N0118_9201080N0139.sdk\\webtalk\\sdk_webtalk.wdm -intro "<H3>SDK Usage Report</H3><BR>"
# webtalk_terminate
INFO: [Common 17-206] Exiting Webtalk at Wed Jan  3 16:38:34 2024...
