15:03:47 INFO  : Registering command handlers for SDK TCF services
15:03:48 INFO  : Launching XSCT server: xsct.bat -interactive C:\Users\lenovo\Desktop\HCD\PS_9201080N0118_9201080N0139\PS_9201080N0118_9201080N0139.sdk\temp_xsdb_launch_script.tcl
15:03:50 INFO  : XSCT server has started successfully.
15:03:50 INFO  : Successfully done setting XSCT server connection channel  
15:03:50 INFO  : Successfully done setting SDK workspace  
15:03:50 INFO  : Processing command line option -hwspec C:/Users/lenovo/Desktop/HCD/PS_9201080N0118_9201080N0139/PS_9201080N0118_9201080N0139.sdk/PS_9201080N0118_wrapper.hdf.
15:06:11 INFO  : 'targets -set -filter {jtag_cable_name =~ "Digilent Zed 210248773566" && level==0} -index 1' command is executed.
15:06:11 INFO  : 'fpga -state' command is executed.
15:06:11 INFO  : Connected to target on host '127.0.0.1' and port '3121'.
15:06:12 INFO  : Jtag cable 'Digilent Zed 210248773566' is selected.
15:06:12 INFO  : 'jtag frequency' command is executed.
15:06:12 INFO  : Sourcing of 'C:/Users/lenovo/Desktop/HCD/PS_9201080N0118_9201080N0139/PS_9201080N0118_9201080N0139.sdk/PS_9201080N0118_wrapper_hw_platform_0/ps7_init.tcl' is done.
15:06:12 INFO  : Context for 'APU' is selected.
15:06:12 INFO  : Hardware design information is loaded from 'C:/Users/lenovo/Desktop/HCD/PS_9201080N0118_9201080N0139/PS_9201080N0118_9201080N0139.sdk/PS_9201080N0118_wrapper_hw_platform_0/system.hdf'.
15:06:12 INFO  : 'configparams force-mem-access 1' command is executed.
15:06:12 INFO  : Context for 'APU' is selected.
15:06:12 INFO  : 'stop' command is executed.
15:06:12 INFO  : 'ps7_init' command is executed.
15:06:12 INFO  : 'ps7_post_config' command is executed.
15:06:12 INFO  : Context for processor 'ps7_cortexa9_0' is selected.
15:06:12 INFO  : Processor reset is completed for 'ps7_cortexa9_0'.
15:06:12 INFO  : Context for processor 'ps7_cortexa9_0' is selected.
15:06:12 INFO  : The application 'C:/Users/lenovo/Desktop/HCD/PS_9201080N0118_9201080N0139/PS_9201080N0118_9201080N0139.sdk/PS_9201080N0118_9201080N0139_Project/Debug/PS_9201080N0118_9201080N0139_Project.elf' is downloaded to processor 'ps7_cortexa9_0'.
15:06:12 INFO  : 'configparams force-mem-access 0' command is executed.
15:06:12 INFO  : ----------------XSDB Script----------------
connect -url tcp:127.0.0.1:3121
source C:/Users/lenovo/Desktop/HCD/PS_9201080N0118_9201080N0139/PS_9201080N0118_9201080N0139.sdk/PS_9201080N0118_wrapper_hw_platform_0/ps7_init.tcl
targets -set -nocase -filter {name =~"APU*" && jtag_cable_name =~ "Digilent Zed 210248773566"} -index 0
loadhw -hw C:/Users/lenovo/Desktop/HCD/PS_9201080N0118_9201080N0139/PS_9201080N0118_9201080N0139.sdk/PS_9201080N0118_wrapper_hw_platform_0/system.hdf -mem-ranges [list {0x40000000 0xbfffffff}]
configparams force-mem-access 1
targets -set -nocase -filter {name =~"APU*" && jtag_cable_name =~ "Digilent Zed 210248773566"} -index 0
stop
ps7_init
ps7_post_config
targets -set -nocase -filter {name =~ "ARM*#0" && jtag_cable_name =~ "Digilent Zed 210248773566"} -index 0
rst -processor
targets -set -nocase -filter {name =~ "ARM*#0" && jtag_cable_name =~ "Digilent Zed 210248773566"} -index 0
dow C:/Users/lenovo/Desktop/HCD/PS_9201080N0118_9201080N0139/PS_9201080N0118_9201080N0139.sdk/PS_9201080N0118_9201080N0139_Project/Debug/PS_9201080N0118_9201080N0139_Project.elf
configparams force-mem-access 0
----------------End of Script----------------

15:06:12 INFO  : Memory regions updated for context APU
15:06:12 INFO  : Context for processor 'ps7_cortexa9_0' is selected.
15:06:12 INFO  : 'con' command is executed.
15:06:12 INFO  : ----------------XSDB Script (After Launch)----------------
targets -set -nocase -filter {name =~ "ARM*#0" && jtag_cable_name =~ "Digilent Zed 210248773566"} -index 0
con
----------------End of Script----------------

15:06:13 INFO  : Launch script is exported to file 'C:\Users\lenovo\Desktop\HCD\PS_9201080N0118_9201080N0139\PS_9201080N0118_9201080N0139.sdk\.sdk\launch_scripts\xilinx_c-c++_application_(system_debugger)\system_debugger_using_debug_ps_9201080n0118_9201080n0139_project.elf_on_local.tcl'
15:27:00 INFO  : Disconnected from the channel tcfchan#1.
15:27:01 INFO  : 'targets -set -filter {jtag_cable_name =~ "Digilent Zed 210248773566" && level==0} -index 1' command is executed.
15:27:01 INFO  : 'fpga -state' command is executed.
15:27:01 INFO  : Connected to target on host '127.0.0.1' and port '3121'.
15:27:02 INFO  : Jtag cable 'Digilent Zed 210248773566' is selected.
15:27:02 INFO  : 'jtag frequency' command is executed.
15:27:02 INFO  : Sourcing of 'C:/Users/lenovo/Desktop/HCD/PS_9201080N0118_9201080N0139/PS_9201080N0118_9201080N0139.sdk/PS_9201080N0118_wrapper_hw_platform_0/ps7_init.tcl' is done.
15:27:02 INFO  : Context for 'APU' is selected.
15:27:03 INFO  : Hardware design information is loaded from 'C:/Users/lenovo/Desktop/HCD/PS_9201080N0118_9201080N0139/PS_9201080N0118_9201080N0139.sdk/PS_9201080N0118_wrapper_hw_platform_0/system.hdf'.
15:27:03 INFO  : 'configparams force-mem-access 1' command is executed.
15:27:03 INFO  : Context for 'APU' is selected.
15:27:03 INFO  : 'stop' command is executed.
15:27:04 INFO  : 'ps7_init' command is executed.
15:27:04 INFO  : 'ps7_post_config' command is executed.
15:27:04 INFO  : Context for processor 'ps7_cortexa9_0' is selected.
15:27:04 INFO  : Processor reset is completed for 'ps7_cortexa9_0'.
15:27:04 INFO  : Context for processor 'ps7_cortexa9_0' is selected.
15:27:04 INFO  : The application 'C:/Users/lenovo/Desktop/HCD/PS_9201080N0118_9201080N0139/PS_9201080N0118_9201080N0139.sdk/PS_9201080N0118_9201080N0139_Project/Debug/PS_9201080N0118_9201080N0139_Project.elf' is downloaded to processor 'ps7_cortexa9_0'.
15:27:04 INFO  : 'configparams force-mem-access 0' command is executed.
15:27:04 INFO  : ----------------XSDB Script----------------
connect -url tcp:127.0.0.1:3121
source C:/Users/lenovo/Desktop/HCD/PS_9201080N0118_9201080N0139/PS_9201080N0118_9201080N0139.sdk/PS_9201080N0118_wrapper_hw_platform_0/ps7_init.tcl
targets -set -nocase -filter {name =~"APU*" && jtag_cable_name =~ "Digilent Zed 210248773566"} -index 0
loadhw -hw C:/Users/lenovo/Desktop/HCD/PS_9201080N0118_9201080N0139/PS_9201080N0118_9201080N0139.sdk/PS_9201080N0118_wrapper_hw_platform_0/system.hdf -mem-ranges [list {0x40000000 0xbfffffff}]
configparams force-mem-access 1
targets -set -nocase -filter {name =~"APU*" && jtag_cable_name =~ "Digilent Zed 210248773566"} -index 0
stop
ps7_init
ps7_post_config
targets -set -nocase -filter {name =~ "ARM*#0" && jtag_cable_name =~ "Digilent Zed 210248773566"} -index 0
rst -processor
targets -set -nocase -filter {name =~ "ARM*#0" && jtag_cable_name =~ "Digilent Zed 210248773566"} -index 0
dow C:/Users/lenovo/Desktop/HCD/PS_9201080N0118_9201080N0139/PS_9201080N0118_9201080N0139.sdk/PS_9201080N0118_9201080N0139_Project/Debug/PS_9201080N0118_9201080N0139_Project.elf
configparams force-mem-access 0
----------------End of Script----------------

15:27:04 INFO  : Memory regions updated for context APU
15:27:04 INFO  : Context for processor 'ps7_cortexa9_0' is selected.
15:27:04 INFO  : 'con' command is executed.
15:27:04 INFO  : ----------------XSDB Script (After Launch)----------------
targets -set -nocase -filter {name =~ "ARM*#0" && jtag_cable_name =~ "Digilent Zed 210248773566"} -index 0
con
----------------End of Script----------------

15:27:04 INFO  : Launch script is exported to file 'C:\Users\lenovo\Desktop\HCD\PS_9201080N0118_9201080N0139\PS_9201080N0118_9201080N0139.sdk\.sdk\launch_scripts\xilinx_c-c++_application_(system_debugger)\system_debugger_using_debug_ps_9201080n0118_9201080n0139_project.elf_on_local.tcl'
15:28:58 INFO  : Disconnected from the channel tcfchan#2.
15:28:59 INFO  : 'targets -set -filter {jtag_cable_name =~ "Digilent Zed 210248773566" && level==0} -index 1' command is executed.
15:28:59 INFO  : 'fpga -state' command is executed.
15:28:59 INFO  : Connected to target on host '127.0.0.1' and port '3121'.
15:29:00 INFO  : Jtag cable 'Digilent Zed 210248773566' is selected.
15:29:00 INFO  : 'jtag frequency' command is executed.
15:29:00 INFO  : Sourcing of 'C:/Users/lenovo/Desktop/HCD/PS_9201080N0118_9201080N0139/PS_9201080N0118_9201080N0139.sdk/PS_9201080N0118_wrapper_hw_platform_0/ps7_init.tcl' is done.
15:29:00 INFO  : Context for 'APU' is selected.
15:29:01 INFO  : Hardware design information is loaded from 'C:/Users/lenovo/Desktop/HCD/PS_9201080N0118_9201080N0139/PS_9201080N0118_9201080N0139.sdk/PS_9201080N0118_wrapper_hw_platform_0/system.hdf'.
15:29:01 INFO  : 'configparams force-mem-access 1' command is executed.
15:29:01 INFO  : Context for 'APU' is selected.
15:29:01 INFO  : 'stop' command is executed.
15:29:02 INFO  : 'ps7_init' command is executed.
15:29:02 INFO  : 'ps7_post_config' command is executed.
15:29:02 INFO  : Context for processor 'ps7_cortexa9_0' is selected.
15:29:02 INFO  : Processor reset is completed for 'ps7_cortexa9_0'.
15:29:02 INFO  : Context for processor 'ps7_cortexa9_0' is selected.
15:29:02 INFO  : The application 'C:/Users/lenovo/Desktop/HCD/PS_9201080N0118_9201080N0139/PS_9201080N0118_9201080N0139.sdk/PS_9201080N0118_9201080N0139_Project/Debug/PS_9201080N0118_9201080N0139_Project.elf' is downloaded to processor 'ps7_cortexa9_0'.
15:29:02 INFO  : 'configparams force-mem-access 0' command is executed.
15:29:02 INFO  : ----------------XSDB Script----------------
connect -url tcp:127.0.0.1:3121
source C:/Users/lenovo/Desktop/HCD/PS_9201080N0118_9201080N0139/PS_9201080N0118_9201080N0139.sdk/PS_9201080N0118_wrapper_hw_platform_0/ps7_init.tcl
targets -set -nocase -filter {name =~"APU*" && jtag_cable_name =~ "Digilent Zed 210248773566"} -index 0
loadhw -hw C:/Users/lenovo/Desktop/HCD/PS_9201080N0118_9201080N0139/PS_9201080N0118_9201080N0139.sdk/PS_9201080N0118_wrapper_hw_platform_0/system.hdf -mem-ranges [list {0x40000000 0xbfffffff}]
configparams force-mem-access 1
targets -set -nocase -filter {name =~"APU*" && jtag_cable_name =~ "Digilent Zed 210248773566"} -index 0
stop
ps7_init
ps7_post_config
targets -set -nocase -filter {name =~ "ARM*#0" && jtag_cable_name =~ "Digilent Zed 210248773566"} -index 0
rst -processor
targets -set -nocase -filter {name =~ "ARM*#0" && jtag_cable_name =~ "Digilent Zed 210248773566"} -index 0
dow C:/Users/lenovo/Desktop/HCD/PS_9201080N0118_9201080N0139/PS_9201080N0118_9201080N0139.sdk/PS_9201080N0118_9201080N0139_Project/Debug/PS_9201080N0118_9201080N0139_Project.elf
configparams force-mem-access 0
----------------End of Script----------------

15:29:02 INFO  : Memory regions updated for context APU
15:29:02 INFO  : Context for processor 'ps7_cortexa9_0' is selected.
15:29:02 INFO  : 'con' command is executed.
15:29:02 INFO  : ----------------XSDB Script (After Launch)----------------
targets -set -nocase -filter {name =~ "ARM*#0" && jtag_cable_name =~ "Digilent Zed 210248773566"} -index 0
con
----------------End of Script----------------

15:29:02 INFO  : Launch script is exported to file 'C:\Users\lenovo\Desktop\HCD\PS_9201080N0118_9201080N0139\PS_9201080N0118_9201080N0139.sdk\.sdk\launch_scripts\xilinx_c-c++_application_(system_debugger)\system_debugger_using_debug_ps_9201080n0118_9201080n0139_project.elf_on_local.tcl'
15:29:27 INFO  : Disconnected from the channel tcfchan#3.
15:29:29 INFO  : 'targets -set -filter {jtag_cable_name =~ "Digilent Zed 210248773566" && level==0} -index 1' command is executed.
15:29:29 INFO  : 'fpga -state' command is executed.
15:29:29 INFO  : Connected to target on host '127.0.0.1' and port '3121'.
15:29:29 INFO  : Jtag cable 'Digilent Zed 210248773566' is selected.
15:29:29 INFO  : 'jtag frequency' command is executed.
15:29:29 INFO  : Sourcing of 'C:/Users/lenovo/Desktop/HCD/PS_9201080N0118_9201080N0139/PS_9201080N0118_9201080N0139.sdk/PS_9201080N0118_wrapper_hw_platform_0/ps7_init.tcl' is done.
15:29:29 INFO  : Context for 'APU' is selected.
15:29:30 INFO  : Hardware design information is loaded from 'C:/Users/lenovo/Desktop/HCD/PS_9201080N0118_9201080N0139/PS_9201080N0118_9201080N0139.sdk/PS_9201080N0118_wrapper_hw_platform_0/system.hdf'.
15:29:30 INFO  : 'configparams force-mem-access 1' command is executed.
15:29:30 INFO  : Context for 'APU' is selected.
15:29:30 INFO  : 'stop' command is executed.
15:29:31 INFO  : 'ps7_init' command is executed.
15:29:31 INFO  : 'ps7_post_config' command is executed.
15:29:31 INFO  : Context for processor 'ps7_cortexa9_0' is selected.
15:29:31 INFO  : Processor reset is completed for 'ps7_cortexa9_0'.
15:29:31 INFO  : Context for processor 'ps7_cortexa9_0' is selected.
15:29:31 INFO  : The application 'C:/Users/lenovo/Desktop/HCD/PS_9201080N0118_9201080N0139/PS_9201080N0118_9201080N0139.sdk/PS_9201080N0118_9201080N0139_Project/Debug/PS_9201080N0118_9201080N0139_Project.elf' is downloaded to processor 'ps7_cortexa9_0'.
15:29:31 INFO  : 'configparams force-mem-access 0' command is executed.
15:29:31 INFO  : ----------------XSDB Script----------------
connect -url tcp:127.0.0.1:3121
source C:/Users/lenovo/Desktop/HCD/PS_9201080N0118_9201080N0139/PS_9201080N0118_9201080N0139.sdk/PS_9201080N0118_wrapper_hw_platform_0/ps7_init.tcl
targets -set -nocase -filter {name =~"APU*" && jtag_cable_name =~ "Digilent Zed 210248773566"} -index 0
loadhw -hw C:/Users/lenovo/Desktop/HCD/PS_9201080N0118_9201080N0139/PS_9201080N0118_9201080N0139.sdk/PS_9201080N0118_wrapper_hw_platform_0/system.hdf -mem-ranges [list {0x40000000 0xbfffffff}]
configparams force-mem-access 1
targets -set -nocase -filter {name =~"APU*" && jtag_cable_name =~ "Digilent Zed 210248773566"} -index 0
stop
ps7_init
ps7_post_config
targets -set -nocase -filter {name =~ "ARM*#0" && jtag_cable_name =~ "Digilent Zed 210248773566"} -index 0
rst -processor
targets -set -nocase -filter {name =~ "ARM*#0" && jtag_cable_name =~ "Digilent Zed 210248773566"} -index 0
dow C:/Users/lenovo/Desktop/HCD/PS_9201080N0118_9201080N0139/PS_9201080N0118_9201080N0139.sdk/PS_9201080N0118_9201080N0139_Project/Debug/PS_9201080N0118_9201080N0139_Project.elf
configparams force-mem-access 0
----------------End of Script----------------

15:29:31 INFO  : Memory regions updated for context APU
15:29:31 INFO  : Context for processor 'ps7_cortexa9_0' is selected.
15:29:31 INFO  : 'con' command is executed.
15:29:31 INFO  : ----------------XSDB Script (After Launch)----------------
targets -set -nocase -filter {name =~ "ARM*#0" && jtag_cable_name =~ "Digilent Zed 210248773566"} -index 0
con
----------------End of Script----------------

15:29:31 INFO  : Launch script is exported to file 'C:\Users\lenovo\Desktop\HCD\PS_9201080N0118_9201080N0139\PS_9201080N0118_9201080N0139.sdk\.sdk\launch_scripts\xilinx_c-c++_application_(system_debugger)\system_debugger_using_debug_ps_9201080n0118_9201080n0139_project.elf_on_local.tcl'
15:29:35 INFO  : Disconnected from the channel tcfchan#4.
15:29:36 INFO  : 'targets -set -filter {jtag_cable_name =~ "Digilent Zed 210248773566" && level==0} -index 1' command is executed.
15:29:36 INFO  : 'fpga -state' command is executed.
15:29:36 INFO  : Connected to target on host '127.0.0.1' and port '3121'.
15:29:36 INFO  : Jtag cable 'Digilent Zed 210248773566' is selected.
15:29:36 INFO  : 'jtag frequency' command is executed.
15:29:36 INFO  : Sourcing of 'C:/Users/lenovo/Desktop/HCD/PS_9201080N0118_9201080N0139/PS_9201080N0118_9201080N0139.sdk/PS_9201080N0118_wrapper_hw_platform_0/ps7_init.tcl' is done.
15:29:36 INFO  : Context for 'APU' is selected.
15:29:38 INFO  : Hardware design information is loaded from 'C:/Users/lenovo/Desktop/HCD/PS_9201080N0118_9201080N0139/PS_9201080N0118_9201080N0139.sdk/PS_9201080N0118_wrapper_hw_platform_0/system.hdf'.
15:29:38 INFO  : 'configparams force-mem-access 1' command is executed.
15:29:38 INFO  : Context for 'APU' is selected.
15:29:38 INFO  : 'stop' command is executed.
15:29:38 INFO  : 'ps7_init' command is executed.
15:29:38 INFO  : 'ps7_post_config' command is executed.
15:29:38 INFO  : Context for processor 'ps7_cortexa9_0' is selected.
15:29:38 INFO  : Processor reset is completed for 'ps7_cortexa9_0'.
15:29:38 INFO  : Context for processor 'ps7_cortexa9_0' is selected.
15:29:38 INFO  : The application 'C:/Users/lenovo/Desktop/HCD/PS_9201080N0118_9201080N0139/PS_9201080N0118_9201080N0139.sdk/PS_9201080N0118_9201080N0139_Project/Debug/PS_9201080N0118_9201080N0139_Project.elf' is downloaded to processor 'ps7_cortexa9_0'.
15:29:38 INFO  : 'configparams force-mem-access 0' command is executed.
15:29:38 INFO  : ----------------XSDB Script----------------
connect -url tcp:127.0.0.1:3121
source C:/Users/lenovo/Desktop/HCD/PS_9201080N0118_9201080N0139/PS_9201080N0118_9201080N0139.sdk/PS_9201080N0118_wrapper_hw_platform_0/ps7_init.tcl
targets -set -nocase -filter {name =~"APU*" && jtag_cable_name =~ "Digilent Zed 210248773566"} -index 0
loadhw -hw C:/Users/lenovo/Desktop/HCD/PS_9201080N0118_9201080N0139/PS_9201080N0118_9201080N0139.sdk/PS_9201080N0118_wrapper_hw_platform_0/system.hdf -mem-ranges [list {0x40000000 0xbfffffff}]
configparams force-mem-access 1
targets -set -nocase -filter {name =~"APU*" && jtag_cable_name =~ "Digilent Zed 210248773566"} -index 0
stop
ps7_init
ps7_post_config
targets -set -nocase -filter {name =~ "ARM*#0" && jtag_cable_name =~ "Digilent Zed 210248773566"} -index 0
rst -processor
targets -set -nocase -filter {name =~ "ARM*#0" && jtag_cable_name =~ "Digilent Zed 210248773566"} -index 0
dow C:/Users/lenovo/Desktop/HCD/PS_9201080N0118_9201080N0139/PS_9201080N0118_9201080N0139.sdk/PS_9201080N0118_9201080N0139_Project/Debug/PS_9201080N0118_9201080N0139_Project.elf
configparams force-mem-access 0
----------------End of Script----------------

15:29:38 INFO  : Memory regions updated for context APU
15:29:38 INFO  : Context for processor 'ps7_cortexa9_0' is selected.
15:29:38 INFO  : 'con' command is executed.
15:29:38 INFO  : ----------------XSDB Script (After Launch)----------------
targets -set -nocase -filter {name =~ "ARM*#0" && jtag_cable_name =~ "Digilent Zed 210248773566"} -index 0
con
----------------End of Script----------------

15:29:38 INFO  : Launch script is exported to file 'C:\Users\lenovo\Desktop\HCD\PS_9201080N0118_9201080N0139\PS_9201080N0118_9201080N0139.sdk\.sdk\launch_scripts\xilinx_c-c++_application_(system_debugger)\system_debugger_using_debug_ps_9201080n0118_9201080n0139_project.elf_on_local.tcl'
15:30:19 INFO  : Disconnected from the channel tcfchan#5.
15:30:20 INFO  : 'targets -set -filter {jtag_cable_name =~ "Digilent Zed 210248773566" && level==0} -index 1' command is executed.
15:30:20 INFO  : 'fpga -state' command is executed.
15:30:20 INFO  : Connected to target on host '127.0.0.1' and port '3121'.
15:30:21 INFO  : Jtag cable 'Digilent Zed 210248773566' is selected.
15:30:21 INFO  : 'jtag frequency' command is executed.
15:30:21 INFO  : Sourcing of 'C:/Users/lenovo/Desktop/HCD/PS_9201080N0118_9201080N0139/PS_9201080N0118_9201080N0139.sdk/PS_9201080N0118_wrapper_hw_platform_0/ps7_init.tcl' is done.
15:30:21 INFO  : Context for 'APU' is selected.
15:30:22 INFO  : Hardware design information is loaded from 'C:/Users/lenovo/Desktop/HCD/PS_9201080N0118_9201080N0139/PS_9201080N0118_9201080N0139.sdk/PS_9201080N0118_wrapper_hw_platform_0/system.hdf'.
15:30:22 INFO  : 'configparams force-mem-access 1' command is executed.
15:30:22 INFO  : Context for 'APU' is selected.
15:30:22 INFO  : 'stop' command is executed.
15:30:23 INFO  : 'ps7_init' command is executed.
15:30:23 INFO  : 'ps7_post_config' command is executed.
15:30:23 INFO  : Context for processor 'ps7_cortexa9_0' is selected.
15:30:23 INFO  : Processor reset is completed for 'ps7_cortexa9_0'.
15:30:23 INFO  : Context for processor 'ps7_cortexa9_0' is selected.
15:30:23 INFO  : The application 'C:/Users/lenovo/Desktop/HCD/PS_9201080N0118_9201080N0139/PS_9201080N0118_9201080N0139.sdk/PS_9201080N0118_9201080N0139_Project/Debug/PS_9201080N0118_9201080N0139_Project.elf' is downloaded to processor 'ps7_cortexa9_0'.
15:30:23 INFO  : 'configparams force-mem-access 0' command is executed.
15:30:23 INFO  : ----------------XSDB Script----------------
connect -url tcp:127.0.0.1:3121
source C:/Users/lenovo/Desktop/HCD/PS_9201080N0118_9201080N0139/PS_9201080N0118_9201080N0139.sdk/PS_9201080N0118_wrapper_hw_platform_0/ps7_init.tcl
targets -set -nocase -filter {name =~"APU*" && jtag_cable_name =~ "Digilent Zed 210248773566"} -index 0
loadhw -hw C:/Users/lenovo/Desktop/HCD/PS_9201080N0118_9201080N0139/PS_9201080N0118_9201080N0139.sdk/PS_9201080N0118_wrapper_hw_platform_0/system.hdf -mem-ranges [list {0x40000000 0xbfffffff}]
configparams force-mem-access 1
targets -set -nocase -filter {name =~"APU*" && jtag_cable_name =~ "Digilent Zed 210248773566"} -index 0
stop
ps7_init
ps7_post_config
targets -set -nocase -filter {name =~ "ARM*#0" && jtag_cable_name =~ "Digilent Zed 210248773566"} -index 0
rst -processor
targets -set -nocase -filter {name =~ "ARM*#0" && jtag_cable_name =~ "Digilent Zed 210248773566"} -index 0
dow C:/Users/lenovo/Desktop/HCD/PS_9201080N0118_9201080N0139/PS_9201080N0118_9201080N0139.sdk/PS_9201080N0118_9201080N0139_Project/Debug/PS_9201080N0118_9201080N0139_Project.elf
configparams force-mem-access 0
----------------End of Script----------------

15:30:23 INFO  : Memory regions updated for context APU
15:30:23 INFO  : Context for processor 'ps7_cortexa9_0' is selected.
15:30:23 INFO  : 'con' command is executed.
15:30:23 INFO  : ----------------XSDB Script (After Launch)----------------
targets -set -nocase -filter {name =~ "ARM*#0" && jtag_cable_name =~ "Digilent Zed 210248773566"} -index 0
con
----------------End of Script----------------

15:30:23 INFO  : Launch script is exported to file 'C:\Users\lenovo\Desktop\HCD\PS_9201080N0118_9201080N0139\PS_9201080N0118_9201080N0139.sdk\.sdk\launch_scripts\xilinx_c-c++_application_(system_debugger)\system_debugger_using_debug_ps_9201080n0118_9201080n0139_project.elf_on_local.tcl'
15:31:45 INFO  : Disconnected from the channel tcfchan#6.
15:31:46 INFO  : 'targets -set -filter {jtag_cable_name =~ "Digilent Zed 210248773566" && level==0} -index 1' command is executed.
15:31:46 INFO  : 'fpga -state' command is executed.
15:31:46 INFO  : Connected to target on host '127.0.0.1' and port '3121'.
15:31:47 INFO  : Jtag cable 'Digilent Zed 210248773566' is selected.
15:31:47 INFO  : 'jtag frequency' command is executed.
15:31:47 INFO  : Sourcing of 'C:/Users/lenovo/Desktop/HCD/PS_9201080N0118_9201080N0139/PS_9201080N0118_9201080N0139.sdk/PS_9201080N0118_wrapper_hw_platform_0/ps7_init.tcl' is done.
15:31:47 INFO  : Context for 'APU' is selected.
15:31:49 INFO  : Hardware design information is loaded from 'C:/Users/lenovo/Desktop/HCD/PS_9201080N0118_9201080N0139/PS_9201080N0118_9201080N0139.sdk/PS_9201080N0118_wrapper_hw_platform_0/system.hdf'.
15:31:49 INFO  : 'configparams force-mem-access 1' command is executed.
15:31:49 INFO  : Context for 'APU' is selected.
15:31:49 INFO  : 'stop' command is executed.
15:31:49 INFO  : 'ps7_init' command is executed.
15:31:49 INFO  : 'ps7_post_config' command is executed.
15:31:49 INFO  : Context for processor 'ps7_cortexa9_0' is selected.
15:31:49 INFO  : Processor reset is completed for 'ps7_cortexa9_0'.
15:31:49 INFO  : Context for processor 'ps7_cortexa9_0' is selected.
15:31:49 INFO  : The application 'C:/Users/lenovo/Desktop/HCD/PS_9201080N0118_9201080N0139/PS_9201080N0118_9201080N0139.sdk/PS_9201080N0118_9201080N0139_Project/Debug/PS_9201080N0118_9201080N0139_Project.elf' is downloaded to processor 'ps7_cortexa9_0'.
15:31:49 INFO  : 'configparams force-mem-access 0' command is executed.
15:31:49 INFO  : ----------------XSDB Script----------------
connect -url tcp:127.0.0.1:3121
source C:/Users/lenovo/Desktop/HCD/PS_9201080N0118_9201080N0139/PS_9201080N0118_9201080N0139.sdk/PS_9201080N0118_wrapper_hw_platform_0/ps7_init.tcl
targets -set -nocase -filter {name =~"APU*" && jtag_cable_name =~ "Digilent Zed 210248773566"} -index 0
loadhw -hw C:/Users/lenovo/Desktop/HCD/PS_9201080N0118_9201080N0139/PS_9201080N0118_9201080N0139.sdk/PS_9201080N0118_wrapper_hw_platform_0/system.hdf -mem-ranges [list {0x40000000 0xbfffffff}]
configparams force-mem-access 1
targets -set -nocase -filter {name =~"APU*" && jtag_cable_name =~ "Digilent Zed 210248773566"} -index 0
stop
ps7_init
ps7_post_config
targets -set -nocase -filter {name =~ "ARM*#0" && jtag_cable_name =~ "Digilent Zed 210248773566"} -index 0
rst -processor
targets -set -nocase -filter {name =~ "ARM*#0" && jtag_cable_name =~ "Digilent Zed 210248773566"} -index 0
dow C:/Users/lenovo/Desktop/HCD/PS_9201080N0118_9201080N0139/PS_9201080N0118_9201080N0139.sdk/PS_9201080N0118_9201080N0139_Project/Debug/PS_9201080N0118_9201080N0139_Project.elf
configparams force-mem-access 0
----------------End of Script----------------

15:31:49 INFO  : Memory regions updated for context APU
15:31:49 INFO  : Context for processor 'ps7_cortexa9_0' is selected.
15:31:49 INFO  : 'con' command is executed.
15:31:49 INFO  : ----------------XSDB Script (After Launch)----------------
targets -set -nocase -filter {name =~ "ARM*#0" && jtag_cable_name =~ "Digilent Zed 210248773566"} -index 0
con
----------------End of Script----------------

15:31:49 INFO  : Launch script is exported to file 'C:\Users\lenovo\Desktop\HCD\PS_9201080N0118_9201080N0139\PS_9201080N0118_9201080N0139.sdk\.sdk\launch_scripts\xilinx_c-c++_application_(system_debugger)\system_debugger_using_debug_ps_9201080n0118_9201080n0139_project.elf_on_local.tcl'
15:33:05 INFO  : Disconnected from the channel tcfchan#7.
15:33:07 INFO  : 'targets -set -filter {jtag_cable_name =~ "Digilent Zed 210248773566" && level==0} -index 1' command is executed.
15:33:07 INFO  : 'fpga -state' command is executed.
15:33:07 INFO  : Connected to target on host '127.0.0.1' and port '3121'.
15:33:07 INFO  : Jtag cable 'Digilent Zed 210248773566' is selected.
15:33:07 INFO  : 'jtag frequency' command is executed.
15:33:07 INFO  : Sourcing of 'C:/Users/lenovo/Desktop/HCD/PS_9201080N0118_9201080N0139/PS_9201080N0118_9201080N0139.sdk/PS_9201080N0118_wrapper_hw_platform_0/ps7_init.tcl' is done.
15:33:07 INFO  : Context for 'APU' is selected.
15:33:08 INFO  : Hardware design information is loaded from 'C:/Users/lenovo/Desktop/HCD/PS_9201080N0118_9201080N0139/PS_9201080N0118_9201080N0139.sdk/PS_9201080N0118_wrapper_hw_platform_0/system.hdf'.
15:33:08 INFO  : 'configparams force-mem-access 1' command is executed.
15:33:09 INFO  : Context for 'APU' is selected.
15:33:09 INFO  : 'stop' command is executed.
15:33:09 INFO  : 'ps7_init' command is executed.
15:33:09 INFO  : 'ps7_post_config' command is executed.
15:33:09 INFO  : Context for processor 'ps7_cortexa9_0' is selected.
15:33:09 INFO  : Processor reset is completed for 'ps7_cortexa9_0'.
15:33:09 INFO  : Context for processor 'ps7_cortexa9_0' is selected.
15:33:09 INFO  : The application 'C:/Users/lenovo/Desktop/HCD/PS_9201080N0118_9201080N0139/PS_9201080N0118_9201080N0139.sdk/PS_9201080N0118_9201080N0139_Project/Debug/PS_9201080N0118_9201080N0139_Project.elf' is downloaded to processor 'ps7_cortexa9_0'.
15:33:09 INFO  : 'configparams force-mem-access 0' command is executed.
15:33:09 INFO  : ----------------XSDB Script----------------
connect -url tcp:127.0.0.1:3121
source C:/Users/lenovo/Desktop/HCD/PS_9201080N0118_9201080N0139/PS_9201080N0118_9201080N0139.sdk/PS_9201080N0118_wrapper_hw_platform_0/ps7_init.tcl
targets -set -nocase -filter {name =~"APU*" && jtag_cable_name =~ "Digilent Zed 210248773566"} -index 0
loadhw -hw C:/Users/lenovo/Desktop/HCD/PS_9201080N0118_9201080N0139/PS_9201080N0118_9201080N0139.sdk/PS_9201080N0118_wrapper_hw_platform_0/system.hdf -mem-ranges [list {0x40000000 0xbfffffff}]
configparams force-mem-access 1
targets -set -nocase -filter {name =~"APU*" && jtag_cable_name =~ "Digilent Zed 210248773566"} -index 0
stop
ps7_init
ps7_post_config
targets -set -nocase -filter {name =~ "ARM*#0" && jtag_cable_name =~ "Digilent Zed 210248773566"} -index 0
rst -processor
targets -set -nocase -filter {name =~ "ARM*#0" && jtag_cable_name =~ "Digilent Zed 210248773566"} -index 0
dow C:/Users/lenovo/Desktop/HCD/PS_9201080N0118_9201080N0139/PS_9201080N0118_9201080N0139.sdk/PS_9201080N0118_9201080N0139_Project/Debug/PS_9201080N0118_9201080N0139_Project.elf
configparams force-mem-access 0
----------------End of Script----------------

15:33:09 INFO  : Memory regions updated for context APU
15:33:09 INFO  : Context for processor 'ps7_cortexa9_0' is selected.
15:33:09 INFO  : 'con' command is executed.
15:33:09 INFO  : ----------------XSDB Script (After Launch)----------------
targets -set -nocase -filter {name =~ "ARM*#0" && jtag_cable_name =~ "Digilent Zed 210248773566"} -index 0
con
----------------End of Script----------------

15:33:09 INFO  : Launch script is exported to file 'C:\Users\lenovo\Desktop\HCD\PS_9201080N0118_9201080N0139\PS_9201080N0118_9201080N0139.sdk\.sdk\launch_scripts\xilinx_c-c++_application_(system_debugger)\system_debugger_using_debug_ps_9201080n0118_9201080n0139_project.elf_on_local.tcl'
15:35:52 INFO  : Disconnected from the channel tcfchan#8.
15:35:53 INFO  : 'targets -set -filter {jtag_cable_name =~ "Digilent Zed 210248773566" && level==0} -index 1' command is executed.
15:35:53 INFO  : 'fpga -state' command is executed.
15:35:53 INFO  : Connected to target on host '127.0.0.1' and port '3121'.
15:35:53 INFO  : Jtag cable 'Digilent Zed 210248773566' is selected.
15:35:53 INFO  : 'jtag frequency' command is executed.
15:35:53 INFO  : Sourcing of 'C:/Users/lenovo/Desktop/HCD/PS_9201080N0118_9201080N0139/PS_9201080N0118_9201080N0139.sdk/PS_9201080N0118_wrapper_hw_platform_0/ps7_init.tcl' is done.
15:35:53 INFO  : Context for 'APU' is selected.
15:35:54 INFO  : Hardware design information is loaded from 'C:/Users/lenovo/Desktop/HCD/PS_9201080N0118_9201080N0139/PS_9201080N0118_9201080N0139.sdk/PS_9201080N0118_wrapper_hw_platform_0/system.hdf'.
15:35:54 INFO  : 'configparams force-mem-access 1' command is executed.
15:35:54 INFO  : Context for 'APU' is selected.
15:35:55 INFO  : 'stop' command is executed.
15:35:55 INFO  : 'ps7_init' command is executed.
15:35:55 INFO  : 'ps7_post_config' command is executed.
15:35:55 INFO  : Context for processor 'ps7_cortexa9_0' is selected.
15:35:55 INFO  : Processor reset is completed for 'ps7_cortexa9_0'.
15:35:55 INFO  : Context for processor 'ps7_cortexa9_0' is selected.
15:35:55 INFO  : The application 'C:/Users/lenovo/Desktop/HCD/PS_9201080N0118_9201080N0139/PS_9201080N0118_9201080N0139.sdk/PS_9201080N0118_9201080N0139_Project/Debug/PS_9201080N0118_9201080N0139_Project.elf' is downloaded to processor 'ps7_cortexa9_0'.
15:35:55 INFO  : 'configparams force-mem-access 0' command is executed.
15:35:55 INFO  : ----------------XSDB Script----------------
connect -url tcp:127.0.0.1:3121
source C:/Users/lenovo/Desktop/HCD/PS_9201080N0118_9201080N0139/PS_9201080N0118_9201080N0139.sdk/PS_9201080N0118_wrapper_hw_platform_0/ps7_init.tcl
targets -set -nocase -filter {name =~"APU*" && jtag_cable_name =~ "Digilent Zed 210248773566"} -index 0
loadhw -hw C:/Users/lenovo/Desktop/HCD/PS_9201080N0118_9201080N0139/PS_9201080N0118_9201080N0139.sdk/PS_9201080N0118_wrapper_hw_platform_0/system.hdf -mem-ranges [list {0x40000000 0xbfffffff}]
configparams force-mem-access 1
targets -set -nocase -filter {name =~"APU*" && jtag_cable_name =~ "Digilent Zed 210248773566"} -index 0
stop
ps7_init
ps7_post_config
targets -set -nocase -filter {name =~ "ARM*#0" && jtag_cable_name =~ "Digilent Zed 210248773566"} -index 0
rst -processor
targets -set -nocase -filter {name =~ "ARM*#0" && jtag_cable_name =~ "Digilent Zed 210248773566"} -index 0
dow C:/Users/lenovo/Desktop/HCD/PS_9201080N0118_9201080N0139/PS_9201080N0118_9201080N0139.sdk/PS_9201080N0118_9201080N0139_Project/Debug/PS_9201080N0118_9201080N0139_Project.elf
configparams force-mem-access 0
----------------End of Script----------------

15:35:55 INFO  : Memory regions updated for context APU
15:35:55 INFO  : Context for processor 'ps7_cortexa9_0' is selected.
15:35:55 INFO  : 'con' command is executed.
15:35:55 INFO  : ----------------XSDB Script (After Launch)----------------
targets -set -nocase -filter {name =~ "ARM*#0" && jtag_cable_name =~ "Digilent Zed 210248773566"} -index 0
con
----------------End of Script----------------

15:35:55 INFO  : Launch script is exported to file 'C:\Users\lenovo\Desktop\HCD\PS_9201080N0118_9201080N0139\PS_9201080N0118_9201080N0139.sdk\.sdk\launch_scripts\xilinx_c-c++_application_(system_debugger)\system_debugger_using_debug_ps_9201080n0118_9201080n0139_project.elf_on_local.tcl'
15:44:32 INFO  : Disconnected from the channel tcfchan#9.
15:44:33 INFO  : 'targets -set -filter {jtag_cable_name =~ "Digilent Zed 210248773566" && level==0} -index 1' command is executed.
15:44:33 INFO  : 'fpga -state' command is executed.
15:44:33 INFO  : Connected to target on host '127.0.0.1' and port '3121'.
15:44:34 INFO  : Jtag cable 'Digilent Zed 210248773566' is selected.
15:44:34 INFO  : 'jtag frequency' command is executed.
15:44:34 INFO  : Sourcing of 'C:/Users/lenovo/Desktop/HCD/PS_9201080N0118_9201080N0139/PS_9201080N0118_9201080N0139.sdk/PS_9201080N0118_wrapper_hw_platform_0/ps7_init.tcl' is done.
15:44:34 INFO  : Context for 'APU' is selected.
15:44:35 INFO  : Hardware design information is loaded from 'C:/Users/lenovo/Desktop/HCD/PS_9201080N0118_9201080N0139/PS_9201080N0118_9201080N0139.sdk/PS_9201080N0118_wrapper_hw_platform_0/system.hdf'.
15:44:35 INFO  : 'configparams force-mem-access 1' command is executed.
15:44:35 INFO  : Context for 'APU' is selected.
15:44:35 INFO  : 'stop' command is executed.
15:44:36 INFO  : 'ps7_init' command is executed.
15:44:36 INFO  : 'ps7_post_config' command is executed.
15:44:36 INFO  : Context for processor 'ps7_cortexa9_0' is selected.
15:44:36 INFO  : Processor reset is completed for 'ps7_cortexa9_0'.
15:44:36 INFO  : Context for processor 'ps7_cortexa9_0' is selected.
15:44:36 INFO  : The application 'C:/Users/lenovo/Desktop/HCD/PS_9201080N0118_9201080N0139/PS_9201080N0118_9201080N0139.sdk/PS_9201080N0118_9201080N0139_Project/Debug/PS_9201080N0118_9201080N0139_Project.elf' is downloaded to processor 'ps7_cortexa9_0'.
15:44:36 INFO  : 'configparams force-mem-access 0' command is executed.
15:44:36 INFO  : ----------------XSDB Script----------------
connect -url tcp:127.0.0.1:3121
source C:/Users/lenovo/Desktop/HCD/PS_9201080N0118_9201080N0139/PS_9201080N0118_9201080N0139.sdk/PS_9201080N0118_wrapper_hw_platform_0/ps7_init.tcl
targets -set -nocase -filter {name =~"APU*" && jtag_cable_name =~ "Digilent Zed 210248773566"} -index 0
loadhw -hw C:/Users/lenovo/Desktop/HCD/PS_9201080N0118_9201080N0139/PS_9201080N0118_9201080N0139.sdk/PS_9201080N0118_wrapper_hw_platform_0/system.hdf -mem-ranges [list {0x40000000 0xbfffffff}]
configparams force-mem-access 1
targets -set -nocase -filter {name =~"APU*" && jtag_cable_name =~ "Digilent Zed 210248773566"} -index 0
stop
ps7_init
ps7_post_config
targets -set -nocase -filter {name =~ "ARM*#0" && jtag_cable_name =~ "Digilent Zed 210248773566"} -index 0
rst -processor
targets -set -nocase -filter {name =~ "ARM*#0" && jtag_cable_name =~ "Digilent Zed 210248773566"} -index 0
dow C:/Users/lenovo/Desktop/HCD/PS_9201080N0118_9201080N0139/PS_9201080N0118_9201080N0139.sdk/PS_9201080N0118_9201080N0139_Project/Debug/PS_9201080N0118_9201080N0139_Project.elf
configparams force-mem-access 0
----------------End of Script----------------

15:44:36 INFO  : Memory regions updated for context APU
15:44:36 INFO  : Context for processor 'ps7_cortexa9_0' is selected.
15:44:36 INFO  : 'con' command is executed.
15:44:36 INFO  : ----------------XSDB Script (After Launch)----------------
targets -set -nocase -filter {name =~ "ARM*#0" && jtag_cable_name =~ "Digilent Zed 210248773566"} -index 0
con
----------------End of Script----------------

15:44:36 INFO  : Launch script is exported to file 'C:\Users\lenovo\Desktop\HCD\PS_9201080N0118_9201080N0139\PS_9201080N0118_9201080N0139.sdk\.sdk\launch_scripts\xilinx_c-c++_application_(system_debugger)\system_debugger_using_debug_ps_9201080n0118_9201080n0139_project.elf_on_local.tcl'
16:34:17 INFO  : Disconnected from the channel tcfchan#10.
16:34:18 INFO  : 'targets -set -filter {jtag_cable_name =~ "Digilent Zed 210248773566" && level==0} -index 1' command is executed.
16:34:18 INFO  : 'fpga -state' command is executed.
16:34:18 INFO  : Connected to target on host '127.0.0.1' and port '3121'.
16:34:18 INFO  : Jtag cable 'Digilent Zed 210248773566' is selected.
16:34:18 INFO  : 'jtag frequency' command is executed.
16:34:18 INFO  : Sourcing of 'C:/Users/lenovo/Desktop/HCD/PS_9201080N0118_9201080N0139/PS_9201080N0118_9201080N0139.sdk/PS_9201080N0118_wrapper_hw_platform_0/ps7_init.tcl' is done.
16:34:18 INFO  : Context for 'APU' is selected.
16:34:20 INFO  : Hardware design information is loaded from 'C:/Users/lenovo/Desktop/HCD/PS_9201080N0118_9201080N0139/PS_9201080N0118_9201080N0139.sdk/PS_9201080N0118_wrapper_hw_platform_0/system.hdf'.
16:34:20 INFO  : 'configparams force-mem-access 1' command is executed.
16:34:20 INFO  : Context for 'APU' is selected.
16:34:20 INFO  : 'stop' command is executed.
16:34:20 INFO  : 'ps7_init' command is executed.
16:34:20 INFO  : 'ps7_post_config' command is executed.
16:34:20 INFO  : Context for processor 'ps7_cortexa9_0' is selected.
16:34:20 INFO  : Processor reset is completed for 'ps7_cortexa9_0'.
16:34:20 INFO  : Context for processor 'ps7_cortexa9_0' is selected.
16:34:20 INFO  : The application 'C:/Users/lenovo/Desktop/HCD/PS_9201080N0118_9201080N0139/PS_9201080N0118_9201080N0139.sdk/PS_9201080N0118_9201080N0139_Project/Debug/PS_9201080N0118_9201080N0139_Project.elf' is downloaded to processor 'ps7_cortexa9_0'.
16:34:20 INFO  : 'configparams force-mem-access 0' command is executed.
16:34:20 INFO  : ----------------XSDB Script----------------
connect -url tcp:127.0.0.1:3121
source C:/Users/lenovo/Desktop/HCD/PS_9201080N0118_9201080N0139/PS_9201080N0118_9201080N0139.sdk/PS_9201080N0118_wrapper_hw_platform_0/ps7_init.tcl
targets -set -nocase -filter {name =~"APU*" && jtag_cable_name =~ "Digilent Zed 210248773566"} -index 0
loadhw -hw C:/Users/lenovo/Desktop/HCD/PS_9201080N0118_9201080N0139/PS_9201080N0118_9201080N0139.sdk/PS_9201080N0118_wrapper_hw_platform_0/system.hdf -mem-ranges [list {0x40000000 0xbfffffff}]
configparams force-mem-access 1
targets -set -nocase -filter {name =~"APU*" && jtag_cable_name =~ "Digilent Zed 210248773566"} -index 0
stop
ps7_init
ps7_post_config
targets -set -nocase -filter {name =~ "ARM*#0" && jtag_cable_name =~ "Digilent Zed 210248773566"} -index 0
rst -processor
targets -set -nocase -filter {name =~ "ARM*#0" && jtag_cable_name =~ "Digilent Zed 210248773566"} -index 0
dow C:/Users/lenovo/Desktop/HCD/PS_9201080N0118_9201080N0139/PS_9201080N0118_9201080N0139.sdk/PS_9201080N0118_9201080N0139_Project/Debug/PS_9201080N0118_9201080N0139_Project.elf
configparams force-mem-access 0
----------------End of Script----------------

16:34:21 INFO  : Memory regions updated for context APU
16:34:21 INFO  : Context for processor 'ps7_cortexa9_0' is selected.
16:34:21 INFO  : 'con' command is executed.
16:34:21 INFO  : ----------------XSDB Script (After Launch)----------------
targets -set -nocase -filter {name =~ "ARM*#0" && jtag_cable_name =~ "Digilent Zed 210248773566"} -index 0
con
----------------End of Script----------------

16:34:21 INFO  : Launch script is exported to file 'C:\Users\lenovo\Desktop\HCD\PS_9201080N0118_9201080N0139\PS_9201080N0118_9201080N0139.sdk\.sdk\launch_scripts\xilinx_c-c++_application_(system_debugger)\system_debugger_using_debug_ps_9201080n0118_9201080n0139_project.elf_on_local.tcl'
16:35:11 INFO  : Disconnected from the channel tcfchan#11.
16:35:12 INFO  : 'targets -set -filter {jtag_cable_name =~ "Digilent Zed 210248773566" && level==0} -index 1' command is executed.
16:35:12 INFO  : 'fpga -state' command is executed.
16:35:12 INFO  : Connected to target on host '127.0.0.1' and port '3121'.
16:35:12 INFO  : Jtag cable 'Digilent Zed 210248773566' is selected.
16:35:12 INFO  : 'jtag frequency' command is executed.
16:35:12 INFO  : Sourcing of 'C:/Users/lenovo/Desktop/HCD/PS_9201080N0118_9201080N0139/PS_9201080N0118_9201080N0139.sdk/PS_9201080N0118_wrapper_hw_platform_0/ps7_init.tcl' is done.
16:35:12 INFO  : Context for 'APU' is selected.
16:35:14 INFO  : Hardware design information is loaded from 'C:/Users/lenovo/Desktop/HCD/PS_9201080N0118_9201080N0139/PS_9201080N0118_9201080N0139.sdk/PS_9201080N0118_wrapper_hw_platform_0/system.hdf'.
16:35:14 INFO  : 'configparams force-mem-access 1' command is executed.
16:35:14 INFO  : Context for 'APU' is selected.
16:35:14 INFO  : 'stop' command is executed.
16:35:15 INFO  : 'ps7_init' command is executed.
16:35:15 INFO  : 'ps7_post_config' command is executed.
16:35:15 INFO  : Context for processor 'ps7_cortexa9_0' is selected.
16:35:15 INFO  : Processor reset is completed for 'ps7_cortexa9_0'.
16:35:15 INFO  : Context for processor 'ps7_cortexa9_0' is selected.
16:35:15 INFO  : The application 'C:/Users/lenovo/Desktop/HCD/PS_9201080N0118_9201080N0139/PS_9201080N0118_9201080N0139.sdk/PS_9201080N0118_9201080N0139_Project/Debug/PS_9201080N0118_9201080N0139_Project.elf' is downloaded to processor 'ps7_cortexa9_0'.
16:35:15 INFO  : 'configparams force-mem-access 0' command is executed.
16:35:15 INFO  : ----------------XSDB Script----------------
connect -url tcp:127.0.0.1:3121
source C:/Users/lenovo/Desktop/HCD/PS_9201080N0118_9201080N0139/PS_9201080N0118_9201080N0139.sdk/PS_9201080N0118_wrapper_hw_platform_0/ps7_init.tcl
targets -set -nocase -filter {name =~"APU*" && jtag_cable_name =~ "Digilent Zed 210248773566"} -index 0
loadhw -hw C:/Users/lenovo/Desktop/HCD/PS_9201080N0118_9201080N0139/PS_9201080N0118_9201080N0139.sdk/PS_9201080N0118_wrapper_hw_platform_0/system.hdf -mem-ranges [list {0x40000000 0xbfffffff}]
configparams force-mem-access 1
targets -set -nocase -filter {name =~"APU*" && jtag_cable_name =~ "Digilent Zed 210248773566"} -index 0
stop
ps7_init
ps7_post_config
targets -set -nocase -filter {name =~ "ARM*#0" && jtag_cable_name =~ "Digilent Zed 210248773566"} -index 0
rst -processor
targets -set -nocase -filter {name =~ "ARM*#0" && jtag_cable_name =~ "Digilent Zed 210248773566"} -index 0
dow C:/Users/lenovo/Desktop/HCD/PS_9201080N0118_9201080N0139/PS_9201080N0118_9201080N0139.sdk/PS_9201080N0118_9201080N0139_Project/Debug/PS_9201080N0118_9201080N0139_Project.elf
configparams force-mem-access 0
----------------End of Script----------------

16:35:15 INFO  : Memory regions updated for context APU
16:35:15 INFO  : Context for processor 'ps7_cortexa9_0' is selected.
16:35:15 INFO  : 'con' command is executed.
16:35:15 INFO  : ----------------XSDB Script (After Launch)----------------
targets -set -nocase -filter {name =~ "ARM*#0" && jtag_cable_name =~ "Digilent Zed 210248773566"} -index 0
con
----------------End of Script----------------

16:35:15 INFO  : Launch script is exported to file 'C:\Users\lenovo\Desktop\HCD\PS_9201080N0118_9201080N0139\PS_9201080N0118_9201080N0139.sdk\.sdk\launch_scripts\xilinx_c-c++_application_(system_debugger)\system_debugger_using_debug_ps_9201080n0118_9201080n0139_project.elf_on_local.tcl'
16:38:32 INFO  : Disconnected from the channel tcfchan#12.
19:30:09 INFO  : Registering command handlers for SDK TCF services
19:30:10 INFO  : Launching XSCT server: xsct.bat -interactive H:\HCD\PS_9201080N0118_9201080N0139\PS_9201080N0118_9201080N0139.sdk\temp_xsdb_launch_script.tcl
19:30:13 INFO  : XSCT server has started successfully.
19:30:13 INFO  : Successfully done setting XSCT server connection channel  
19:30:14 INFO  : Successfully done setting SDK workspace  
19:30:14 INFO  : Processing command line option -hwspec H:/HCD/PS_9201080N0118_9201080N0139/PS_9201080N0118_9201080N0139.sdk/PS_9201080N0118_wrapper.hdf.
20:48:59 INFO  : Registering command handlers for SDK TCF services
20:48:59 INFO  : Launching XSCT server: xsct.bat -interactive E:\Code\HardwareDesign\HCD\ArmController\PS_9201080N0118_9201080N0139.sdk\temp_xsdb_launch_script.tcl
20:49:02 INFO  : XSCT server has started successfully.
20:49:03 INFO  : Successfully done setting XSCT server connection channel  
20:49:03 INFO  : Successfully done setting SDK workspace  
20:49:03 INFO  : Processing command line option -hwspec E:/Code/HardwareDesign/HCD/ArmController/PS_9201080N0118_9201080N0139.sdk/PS_9201080N0118_wrapper.hdf.
